<?xml version="1.0" encoding="UTF-8"?>
<!-- Generated by org.testng.reporters.JUnitXMLReporter -->
<testsuite hostname="DESKTOP-2AO23KP" failures="0" tests="4" name="Surefire test" time="0.033" errors="0" timestamp="8 Jun 2019 14:14:00 GMT">
  <testcase classname="SampleMaven.MaveTask.DTest" name="Eight" time="0.009"/>
  <testcase classname="SampleMaven.MaveTask.DTest" name="Seven" time="0.001"/>
  <testcase classname="SampleMaven.MaveTask.ETest" name="Nine" time="0.0"/>
  <testcase classname="SampleMaven.MaveTask.ETest" name="Ten" time="0.0"/>
</testsuite> <!-- Surefire test -->
