<?xml version="1.0" encoding="UTF-8"?>
<!-- Generated by org.testng.reporters.JUnitXMLReporter -->
<testsuite ignored="0" hostname="DESKTOP-2AO23KP" failures="0" tests="6" name="Test" time="0.074" errors="0" timestamp="08 Jun 2019 13:45:18 GMT">
  <testcase classname="SampleMaven.MaveTask.C" name="Five" time="0.015"/>
  <testcase classname="SampleMaven.MaveTask.C" name="Six" time="0.001"/>
  <testcase classname="SampleMaven.MaveTask.A" name="One" time="0.001"/>
  <testcase classname="SampleMaven.MaveTask.A" name="Two" time="0.001"/>
  <testcase classname="SampleMaven.MaveTask.B" name="Four" time="0.001"/>
  <testcase classname="SampleMaven.MaveTask.B" name="Three" time="0.003"/>
</testsuite> <!-- Test -->
