<?xml version="1.0" encoding="UTF-8"?>
<testng-results total="2" passed="2" failed="0" skipped="0">
  <reporter-output>
  </reporter-output>
  <suite started-at="2019-06-15T12:05:37Z" name="Suite" finished-at="2019-06-15T12:05:37Z" duration-ms="44">
    <groups>
    </groups>
    <test started-at="2019-06-15T12:05:37Z" name="Test" finished-at="2019-06-15T12:05:37Z" duration-ms="44">
      <class name="SampleMaven.MaveTask.DTest">
        <test-method signature="Eight()[pri:0, instance:SampleMaven.MaveTask.DTest@17d0685f]" started-at="2019-06-15T17:35:37Z" name="Eight" finished-at="2019-06-15T17:35:37Z" duration-ms="18" status="PASS">
          <reporter-output>
          </reporter-output>
        </test-method> <!-- Eight -->
        <test-method signature="Seven()[pri:0, instance:SampleMaven.MaveTask.DTest@17d0685f]" started-at="2019-06-15T17:35:37Z" name="Seven" finished-at="2019-06-15T17:35:37Z" duration-ms="0" status="PASS">
          <reporter-output>
          </reporter-output>
        </test-method> <!-- Seven -->
      </class> <!-- SampleMaven.MaveTask.DTest -->
    </test> <!-- Test -->
  </suite> <!-- Suite -->
</testng-results>
