<?xml version="1.0" encoding="UTF-8"?>
<testng-results ignored="0" total="6" passed="6" failed="0" skipped="0">
  <reporter-output>
  </reporter-output>
  <suite started-at="2019-06-08T13:45:18Z" name="Suite" finished-at="2019-06-08T13:45:18Z" duration-ms="74">
    <groups>
    </groups>
    <test started-at="2019-06-08T13:45:18Z" name="Test" finished-at="2019-06-08T13:45:18Z" duration-ms="74">
      <class name="SampleMaven.MaveTask.B">
        <test-method signature="Four()[pri:0, instance:SampleMaven.MaveTask.B@21507a04]" started-at="2019-06-08T13:45:18Z" name="Four" finished-at="2019-06-08T13:45:18Z" duration-ms="1" status="PASS">
          <reporter-output>
          </reporter-output>
        </test-method> <!-- Four -->
        <test-method signature="Three()[pri:0, instance:SampleMaven.MaveTask.B@21507a04]" started-at="2019-06-08T13:45:18Z" name="Three" finished-at="2019-06-08T13:45:18Z" duration-ms="3" status="PASS">
          <reporter-output>
          </reporter-output>
        </test-method> <!-- Three -->
      </class> <!-- SampleMaven.MaveTask.B -->
      <class name="SampleMaven.MaveTask.A">
        <test-method signature="One()[pri:0, instance:SampleMaven.MaveTask.A@6646153]" started-at="2019-06-08T13:45:18Z" name="One" finished-at="2019-06-08T13:45:18Z" duration-ms="1" status="PASS">
          <reporter-output>
          </reporter-output>
        </test-method> <!-- One -->
        <test-method signature="Two()[pri:0, instance:SampleMaven.MaveTask.A@6646153]" started-at="2019-06-08T13:45:18Z" name="Two" finished-at="2019-06-08T13:45:18Z" duration-ms="1" status="PASS">
          <reporter-output>
          </reporter-output>
        </test-method> <!-- Two -->
      </class> <!-- SampleMaven.MaveTask.A -->
      <class name="SampleMaven.MaveTask.C">
        <test-method signature="Five()[pri:0, instance:SampleMaven.MaveTask.C@78b1cc93]" started-at="2019-06-08T13:45:18Z" name="Five" finished-at="2019-06-08T13:45:18Z" duration-ms="15" status="PASS">
          <reporter-output>
          </reporter-output>
        </test-method> <!-- Five -->
        <test-method signature="Six()[pri:0, instance:SampleMaven.MaveTask.C@78b1cc93]" started-at="2019-06-08T13:45:18Z" name="Six" finished-at="2019-06-08T13:45:18Z" duration-ms="1" status="PASS">
          <reporter-output>
          </reporter-output>
        </test-method> <!-- Six -->
      </class> <!-- SampleMaven.MaveTask.C -->
    </test> <!-- Test -->
  </suite> <!-- Suite -->
</testng-results>
